<?xml version="1.0" encoding="UTF-8"?>
<testng-results ignored="0" total="1" passed="0" failed="1" skipped="0">
  <reporter-output>
  </reporter-output>
  <suite started-at="2025-02-03T17:35:54 IST" name="Suite" finished-at="2025-02-03T17:36:05 IST" duration-ms="10588">
    <groups>
    </groups>
    <test started-at="2025-02-03T17:35:54 IST" name="Login Test" finished-at="2025-02-03T17:36:05 IST" duration-ms="10588">
      <class name="com.TestCases.LoginTest">
        <test-method is-config="true" signature="browserSetup()[pri:0, instance:com.TestCases.LoginTest@3cc2931c]" started-at="2025-02-03T17:35:50 IST" name="browserSetup" finished-at="2025-02-03T17:35:54 IST" duration-ms="4162" status="PASS">
          <reporter-output>
          </reporter-output>
        </test-method> <!-- browserSetup -->
        <test-method is-config="true" signature="initializeExtentReport()[pri:0, instance:com.TestCases.LoginTest@3cc2931c]" started-at="2025-02-03T17:35:54 IST" name="initializeExtentReport" finished-at="2025-02-03T17:35:54 IST" duration-ms="181" status="PASS">
          <reporter-output>
          </reporter-output>
        </test-method> <!-- initializeExtentReport -->
        <test-method signature="LoginValidTest()[pri:0, instance:com.TestCases.LoginTest@3cc2931c]" started-at="2025-02-03T17:35:54 IST" name="LoginValidTest" finished-at="2025-02-03T17:36:04 IST" duration-ms="10050" status="FAIL">
          <exception class="org.openqa.selenium.NoSuchElementException">
            <message>
              <![CDATA[no such element: Unable to locate element: {"method":"xpath","selector":"//div[@id='test']"}
  (Session info: chrome=132.0.6834.160)
For documentation on this error, please visit: https://www.selenium.dev/documentation/webdriver/troubleshooting/errors#no-such-element-exception
Build info: version: '4.28.1', revision: '73f5ad48a2'
System info: os.name: 'Mac OS X', os.arch: 'x86_64', os.version: '15.1.1', java.version: '21.0.5'
Driver info: org.openqa.selenium.chrome.ChromeDriver
Command: [7404b4bfcce708aa6d9119c131c1921a, findElement {value=//div[@id='test'], using=xpath}]
Capabilities {acceptInsecureCerts: false, browserName: chrome, browserVersion: 132.0.6834.160, chrome: {chromedriverVersion: 132.0.6834.159 (2d77d3fc445..., userDataDir: /var/folders/n0/t96nw2dx54n...}, fedcm:accounts: true, goog:chromeOptions: {debuggerAddress: localhost:56426}, networkConnectionEnabled: false, pageLoadStrategy: normal, platformName: mac, proxy: Proxy(), se:cdp: ws://localhost:56426/devtoo..., se:cdpVersion: 132.0.6834.160, setWindowRect: true, strictFileInteractability: false, timeouts: {implicit: 0, pageLoad: 300000, script: 30000}, unhandledPromptBehavior: dismiss and notify, webauthn:extension:credBlob: true, webauthn:extension:largeBlob: true, webauthn:extension:minPinLength: true, webauthn:extension:prf: true, webauthn:virtualAuthenticators: true}
Session ID: 7404b4bfcce708aa6d9119c131c1921a]]>
            </message>
            <full-stacktrace>
              <![CDATA[org.openqa.selenium.NoSuchElementException: no such element: Unable to locate element: {"method":"xpath","selector":"//div[@id='test']"}
  (Session info: chrome=132.0.6834.160)
For documentation on this error, please visit: https://www.selenium.dev/documentation/webdriver/troubleshooting/errors#no-such-element-exception
Build info: version: '4.28.1', revision: '73f5ad48a2'
System info: os.name: 'Mac OS X', os.arch: 'x86_64', os.version: '15.1.1', java.version: '21.0.5'
Driver info: org.openqa.selenium.chrome.ChromeDriver
Command: [7404b4bfcce708aa6d9119c131c1921a, findElement {value=//div[@id='test'], using=xpath}]
Capabilities {acceptInsecureCerts: false, browserName: chrome, browserVersion: 132.0.6834.160, chrome: {chromedriverVersion: 132.0.6834.159 (2d77d3fc445..., userDataDir: /var/folders/n0/t96nw2dx54n...}, fedcm:accounts: true, goog:chromeOptions: {debuggerAddress: localhost:56426}, networkConnectionEnabled: false, pageLoadStrategy: normal, platformName: mac, proxy: Proxy(), se:cdp: ws://localhost:56426/devtoo..., se:cdpVersion: 132.0.6834.160, setWindowRect: true, strictFileInteractability: false, timeouts: {implicit: 0, pageLoad: 300000, script: 30000}, unhandledPromptBehavior: dismiss and notify, webauthn:extension:credBlob: true, webauthn:extension:largeBlob: true, webauthn:extension:minPinLength: true, webauthn:extension:prf: true, webauthn:virtualAuthenticators: true}
Session ID: 7404b4bfcce708aa6d9119c131c1921a
at java.base/jdk.internal.reflect.DirectConstructorHandleAccessor.newInstance(DirectConstructorHandleAccessor.java:62)
at java.base/java.lang.reflect.Constructor.newInstanceWithCaller(Constructor.java:502)
at java.base/java.lang.reflect.Constructor.newInstance(Constructor.java:486)
at org.openqa.selenium.remote.ErrorCodec.decode(ErrorCodec.java:167)
at org.openqa.selenium.remote.codec.w3c.W3CHttpResponseCodec.decode(W3CHttpResponseCodec.java:138)
at org.openqa.selenium.remote.codec.w3c.W3CHttpResponseCodec.decode(W3CHttpResponseCodec.java:50)
at org.openqa.selenium.remote.HttpCommandExecutor.execute(HttpCommandExecutor.java:215)
at org.openqa.selenium.remote.service.DriverCommandExecutor.invokeExecute(DriverCommandExecutor.java:216)
at org.openqa.selenium.remote.service.DriverCommandExecutor.execute(DriverCommandExecutor.java:174)
at org.openqa.selenium.remote.RemoteWebDriver.execute(RemoteWebDriver.java:545)
at org.openqa.selenium.remote.ElementLocation$ElementFinder$2.findElement(ElementLocation.java:165)
at org.openqa.selenium.remote.ElementLocation.findElement(ElementLocation.java:59)
at org.openqa.selenium.remote.RemoteWebDriver.findElement(RemoteWebDriver.java:368)
at org.openqa.selenium.remote.RemoteWebDriver.findElement(RemoteWebDriver.java:362)
at com.TestCases.LoginTest.LoginValidTest(LoginTest.java:13)
at java.base/jdk.internal.reflect.DirectMethodHandleAccessor.invoke(DirectMethodHandleAccessor.java:103)
at java.base/java.lang.reflect.Method.invoke(Method.java:580)
at org.testng.internal.MethodInvocationHelper.invokeMethod(MethodInvocationHelper.java:133)
at org.testng.internal.TestInvoker.invokeMethod(TestInvoker.java:598)
at org.testng.internal.TestInvoker.invokeTestMethod(TestInvoker.java:173)
at org.testng.internal.MethodRunner.runInSequence(MethodRunner.java:46)
at org.testng.internal.TestInvoker$MethodInvocationAgent.invoke(TestInvoker.java:824)
at org.testng.internal.TestInvoker.invokeTestMethods(TestInvoker.java:146)
at org.testng.internal.TestMethodWorker.invokeTestMethods(TestMethodWorker.java:146)
at org.testng.internal.TestMethodWorker.run(TestMethodWorker.java:128)
at java.base/java.util.ArrayList.forEach(ArrayList.java:1596)
at org.testng.TestRunner.privateRun(TestRunner.java:794)
at org.testng.TestRunner.run(TestRunner.java:596)
at org.testng.SuiteRunner.runTest(SuiteRunner.java:377)
at org.testng.SuiteRunner.runSequentially(SuiteRunner.java:371)
at org.testng.SuiteRunner.privateRun(SuiteRunner.java:332)
at org.testng.SuiteRunner.run(SuiteRunner.java:276)
at org.testng.SuiteRunnerWorker.runSuite(SuiteRunnerWorker.java:53)
at org.testng.SuiteRunnerWorker.run(SuiteRunnerWorker.java:96)
at org.testng.TestNG.runSuitesSequentially(TestNG.java:1212)
at org.testng.TestNG.runSuitesLocally(TestNG.java:1134)
at org.testng.TestNG.runSuites(TestNG.java:1063)
at org.testng.TestNG.run(TestNG.java:1031)
at org.testng.remote.AbstractRemoteTestNG.run(AbstractRemoteTestNG.java:115)
at org.testng.remote.RemoteTestNG.initAndRun(RemoteTestNG.java:293)
at org.testng.remote.RemoteTestNG.main(RemoteTestNG.java:91)
]]>
            </full-stacktrace>
          </exception> <!-- org.openqa.selenium.NoSuchElementException -->
          <reporter-output>
          </reporter-output>
        </test-method> <!-- LoginValidTest -->
        <test-method is-config="true" signature="flush()[pri:0, instance:com.TestCases.LoginTest@3cc2931c]" started-at="2025-02-03T17:36:05 IST" name="flush" finished-at="2025-02-03T17:36:05 IST" duration-ms="205" status="PASS">
          <reporter-output>
          </reporter-output>
        </test-method> <!-- flush -->
      </class> <!-- com.TestCases.LoginTest -->
    </test> <!-- Login Test -->
  </suite> <!-- Suite -->
</testng-results>
